<?xml version="1.0" encoding="utf-8"?><testsuites name="pytest tests"><testsuite name="pytest" errors="0" failures="0" skipped="0" tests="38" time="9.753" timestamp="2026-09-20T05:21:51.218634+00:00" hostname="agent-env-e98149bb-9c03-4d9e-ac1e-7caaface0345"><testcase classname="tests.test_iteration4_features.TestAuthExtras" name="test_me" time="0.850" /><testcase classname="tests.test_iteration4_features.TestAuthExtras" name="test_username_available_requires_auth" time="0.173" /><testcase classname="tests.test_iteration4_features.TestGroupAI" name="test_assistant_group_only" time="1.023" /><testcase classname="tests.test_iteration4_features.TestAuthExtras" name="test_username_available_ok" time="0.117" /><testcase classname="tests.test_iteration4_features.TestAuthExtras" name="test_session_rejects_bad_session_id" time="0.342" /><testcase classname="tests.test_iteration4_features.TestAuthExtras" name="test_forgot_password_accepts_known_email" time="0.199" /><testcase classname="tests.test_iteration4_features.TestCallsAndTranscript" name="test_ice_servers_stun_and_turn" time="0.327" /><testcase classname="tests.test_iteration4_features.TestGroupAI" name="test_assistant_for_group" time="1.864" /><testcase classname="tests.test_iteration4_features.TestCallsAndTranscript" name="test_call_lifecycle" time="0.616" /><testcase classname="tests.test_iteration4_features.TestCallsAndTranscript" name="test_call_reject" time="0.268" /><testcase classname="tests.test_iteration4_features.TestGroupAI" name="test_decision_analyze" time="0.879" /><testcase classname="tests.test_iteration4_features.TestCallsAndTranscript" name="test_list_calls" time="0.115" /><testcase classname="tests.test_iteration4_features.TestCallsAndTranscript" name="test_transcript_text_and_ai_summary" time="1.481" /><testcase classname="tests.test_iteration4_features.TestGroupAI" name="test_poll_crud_vote_close" time="0.757" /><testcase classname="tests.test_iteration4_features.TestMessagingIdempotency" name="test_send_same_client_message_id_returns_same_message" time="0.357" /><testcase classname="tests.test_iteration4_features.TestGroupAI" name="test_vote_invalid_option" time="0.290" /><testcase classname="tests.test_iteration4_features.TestAutopilot" name="test_rule_crud" time="0.532" /><testcase classname="tests.test_iteration4_features.TestMessagingIdempotency" name="test_sync_messages_outbox_is_idempotent" time="0.245" /><testcase classname="tests.test_iteration4_features.TestMessagingIdempotency" name="test_sync_pull_returns_messages" time="0.133" /><testcase classname="tests.test_iteration4_features.TestMessagingIdempotency" name="test_sync_pull_since_filters" time="0.115" /><testcase classname="tests.test_iteration4_features.TestSmartFeatures" name="test_unread_catchup" time="0.822" /><testcase classname="tests.test_iteration4_features.TestAutopilot" name="test_analyze_returns_suggestions_or_gracefully" time="0.888" /><testcase classname="tests.test_iteration4_features.TestSmartFeatures" name="test_digest_daily" time="0.826" /><testcase classname="tests.test_iteration4_features.TestAutopilot" name="test_confirm_priority" time="0.273" /><testcase classname="tests.test_iteration4_features.TestAutopilot" name="test_confirm_reminder" time="0.140" /><testcase classname="tests.test_iteration4_features.TestFeedbackAnalytics" name="test_submit_feedback" time="0.141" /><testcase classname="tests.test_iteration4_features.TestFeedbackAnalytics" name="test_my_feedback" time="0.118" /><testcase classname="tests.test_iteration4_features.TestFeedbackAnalytics" name="test_analytics_event" time="0.140" /><testcase classname="tests.test_iteration4_features.TestSmartFeatures" name="test_smart_reminder_suggest" time="0.857" /><testcase classname="tests.test_iteration4_features.TestFeedbackAnalytics" name="test_analytics_event_rejects_unknown" time="0.121" /><testcase classname="tests.test_iteration4_features.TestPrioritySmartInbox" name="test_set_priority_important" time="0.240" /><testcase classname="tests.test_iteration4_features.TestPrioritySmartInbox" name="test_smart_inbox_important" time="0.182" /><testcase classname="tests.test_iteration4_features.TestPrioritySmartInbox" name="test_smart_inbox_all_has_groups" time="0.114" /><testcase classname="tests.test_iteration4_features.TestNewEndpointsAuth" name="test_unauth_endpoints_reject" time="1.674" /><testcase classname="tests.test_iteration4_features.TestSmartFeatures" name="test_follow_ups" time="0.281" /><testcase classname="tests.test_iteration4_features.TestPushAndFirebase" name="test_register_push_own_user" time="0.310" /><testcase classname="tests.test_iteration4_features.TestPushAndFirebase" name="test_register_push_wrong_user_forbidden" time="0.466" /><testcase classname="tests.test_iteration4_features.TestPushAndFirebase" name="test_firebase_status_ready" time="0.136" /></testsuite></testsuites>