<?xml version="1.0" encoding="utf-8"?><testsuites name="pytest tests"><testsuite name="pytest" errors="0" failures="1" skipped="8" tests="35" time="19.375" timestamp="2026-09-20T05:42:30.963151+00:00" hostname="agent-env-e98149bb-9c03-4d9e-ac1e-7caaface0345"><testcase classname="tests.test_phase2_features.TestAuthGate" name="test_unauth_rejected[post-/api/groups/x/tasks-body0-True]" time="0.262" /><testcase classname="tests.test_phase2_features.TestAuthGate" name="test_unauth_rejected[get-/api/groups/x/tasks-None-False]" time="0.225" /><testcase classname="tests.test_phase2_features.TestAuthGate" name="test_unauth_rejected[post-/api/groups/x/meeting/availability-body2-True]" time="0.323" /><testcase classname="tests.test_phase2_features.TestAuthGate" name="test_unauth_rejected[get-/api/groups/x/meeting/common-None-False]" time="0.140" /><testcase classname="tests.test_phase2_features.TestAuthGate" name="test_unauth_rejected[post-/api/groups/x/meeting/confirm-body4-True]" time="0.155" /><testcase classname="tests.test_phase2_features.TestExports" name="test_pdf" time="4.752"><skipped type="pytest.skip" message="Sarvam soft-pass 503">/app/backend/tests/test_phase2_features.py:291: Sarvam soft-pass 503</skipped></testcase><testcase classname="tests.test_phase2_features.TestAuthGate" name="test_unauth_rejected[put-/api/contact-groups-body5-True]" time="0.115" /><testcase classname="tests.test_phase2_features.TestAuthGate" name="test_unauth_rejected[get-/api/contact-groups-None-False]" time="0.138" /><testcase classname="tests.test_phase2_features.TestAuthGate" name="test_unauth_rejected[post-/api/ai/interpret-command-body7-True]" time="0.145" /><testcase classname="tests.test_phase2_features.TestAuthGate" name="test_unauth_rejected[post-/api/ai/meeting-mode-body8-True]" time="0.132" /><testcase classname="tests.test_phase2_features.TestAuthGate" name="test_unauth_rejected[post-/api/ai/negotiate-body9-True]" time="0.153" /><testcase classname="tests.test_phase2_features.TestAuthGate" name="test_unauth_rejected[post-/api/exports-body10-True]" time="0.113" /><testcase classname="tests.test_phase2_features.TestAuthGate" name="test_unauth_rejected[get-/api/vault-None-False]" time="0.155" /><testcase classname="tests.test_phase2_features.TestAuthGate" name="test_unauth_rejected[post-/api/vault-body12-True]" time="0.115" /><testcase classname="tests.test_phase2_features.TestAuthGate" name="test_unauth_rejected[post-/api/chats/x/ttl-body13-True]" time="0.115" /><testcase classname="tests.test_phase2_features.TestAuthGate" name="test_unauth_rejected[get-/api/chats/x/ttl-None-False]" time="0.144" /><testcase classname="tests.test_phase2_features.TestGroupTasks" name="test_full_task_lifecycle" time="1.105" /><testcase classname="tests.test_phase2_features.TestGroupTasks" name="test_tasks_requires_auth" time="0.060" /><testcase classname="tests.test_phase2_features.TestVoice" name="test_interpret_command" time="1.824"><skipped type="pytest.skip" message="Sarvam upstream 503, acceptable soft-pass">/app/backend/tests/test_phase2_features.py:218: Sarvam upstream 503, acceptable soft-pass</skipped></testcase><testcase classname="tests.test_phase2_features.TestExports" name="test_pptx" time="3.544"><skipped type="pytest.skip" message="Sarvam soft-pass 503">/app/backend/tests/test_phase2_features.py:302: Sarvam soft-pass 503</skipped></testcase><testcase classname="tests.test_phase2_features.TestVoice" name="test_voice_reply_requires_file" time="0.063" /><testcase classname="tests.test_phase2_features.TestRegression" name="test_firebase_status" time="0.061" /><testcase classname="tests.test_phase2_features.TestRegression" name="test_inbox_smart" time="0.065" /><testcase classname="tests.test_phase2_features.TestAuth" name="test_login_demo1" time="0.285" /><testcase classname="tests.test_phase2_features.TestMeetingPlanner" name="test_availability_common_confirm" time="0.845" /><testcase classname="tests.test_phase2_features.TestContactGroups" name="test_set_and_list_labels" time="0.126" /><testcase classname="tests.test_phase2_features.TestMeetingMode" name="test_meeting_mode" time="4.426"><skipped type="pytest.skip" message="Sarvam upstream 503, soft-pass">/app/backend/tests/test_phase2_features.py:247: Sarvam upstream 503, soft-pass</skipped></testcase><testcase classname="tests.test_phase2_features.TestExports" name="test_spreadsheet" time="3.581"><skipped type="pytest.skip" message="Sarvam soft-pass 503">/app/backend/tests/test_phase2_features.py:313: Sarvam soft-pass 503</skipped></testcase><testcase classname="tests.test_phase2_features.TestNegotiate" name="test_negotiate" time="3.628"><skipped type="pytest.skip" message="Sarvam upstream 503, soft-pass">/app/backend/tests/test_phase2_features.py:269: Sarvam upstream 503, soft-pass</skipped></testcase><testcase classname="tests.test_phase2_features.TestExports" name="test_invoice" time="3.530"><skipped type="pytest.skip" message="Sarvam soft-pass 503">/app/backend/tests/test_phase2_features.py:322: Sarvam soft-pass 503</skipped></testcase><testcase classname="tests.test_phase2_features.TestVault" name="test_vault_crud" time="0.261" /><testcase classname="tests.test_phase2_features.TestChatTTL" name="test_ttl_set_get_clear" time="0.285" /><testcase classname="tests.test_phase2_features.TestExports" name="test_form" time="3.562"><skipped type="pytest.skip" message="Sarvam soft-pass 503">/app/backend/tests/test_phase2_features.py:331: Sarvam soft-pass 503</skipped></testcase><testcase classname="tests.test_phase2_features.TestVision" name="test_receipt" time="0.075"><failure message="AssertionError: {&quot;detail&quot;:[{&quot;type&quot;:&quot;missing&quot;,&quot;loc&quot;:[&quot;body&quot;,&quot;file&quot;],&quot;msg&quot;:&quot;Field required&quot;,&quot;input&quot;:null,&quot;url&quot;:&quot;https://errors.pydantic.dev/2.13/v/missing&quot;}]}&#10;assert 422 == 200&#10; +  where 422 = &lt;Response [422]&gt;.status_code">tests/test_phase2_features.py:429: in test_receipt
    assert r.status_code == 200, r.text[:300]
E   AssertionError: {"detail":[{"type":"missing","loc":["body","file"],"msg":"Field required","input":null,"url":"https://errors.pydantic.dev/2.13/v/missing"}]}
E   assert 422 == 200
E    +  where 422 = &lt;Response [422]&gt;.status_code</failure></testcase><testcase classname="tests.test_phase2_features.TestExports" name="test_empty_chat_400" time="0.062" /></testsuite></testsuites>